0 info it worked if it ends with ok
1 verbose cli [ 'node', '/usr/local/bin/npm', 'publish' ]
2 info using npm@2.10.1
3 info using node@v0.12.4
4 verbose publish [ '.' ]
5 silly cache add args [ '.', null ]
6 verbose cache add spec .
7 silly cache add parsed spec { raw: '.',
7 silly cache add   scope: null,
7 silly cache add   name: null,
7 silly cache add   rawSpec: '.',
7 silly cache add   spec: '/Users/hbi/Documents/proj/github/qure-mysql',
7 silly cache add   type: 'directory' }
8 verbose addLocalDirectory /Users/hbi/.npm/qure-mysql/1.0.1/package.tgz not in flight; packing
9 verbose tar pack [ '/Users/hbi/.npm/qure-mysql/1.0.1/package.tgz',
9 verbose tar pack   '/Users/hbi/Documents/proj/github/qure-mysql' ]
10 verbose tarball /Users/hbi/.npm/qure-mysql/1.0.1/package.tgz
11 verbose folder /Users/hbi/Documents/proj/github/qure-mysql
12 info prepublish qure-mysql@1.0.1
13 verbose addLocalTarball adding from inside cache /Users/hbi/.npm/qure-mysql/1.0.1/package.tgz
14 silly cache afterAdd qure-mysql@1.0.1
15 verbose afterAdd /Users/hbi/.npm/qure-mysql/1.0.1/package/package.json not in flight; writing
16 verbose afterAdd /Users/hbi/.npm/qure-mysql/1.0.1/package/package.json written
17 silly publish { name: 'qure-mysql',
17 silly publish   version: '1.0.1',
17 silly publish   description: 'MySQL wrapper for QureJS',
17 silly publish   main: 'index.js',
17 silly publish   scripts: { test: 'echo "Error: no test specified" && exit 1' },
17 silly publish   repository:
17 silly publish    { type: 'git',
17 silly publish      url: 'git+https://github.com/hbi99/qure-mysql.git' },
17 silly publish   author: { name: 'Hakan Bilgin', email: 'hbi@longscript.com' },
17 silly publish   license: 'MIT',
17 silly publish   bugs: { url: 'https://github.com/hbi99/qure-mysql/issues' },
17 silly publish   homepage: 'https://github.com/hbi99/qure-mysql#readme',
17 silly publish   readme: 'A QureFS wrapper for MySQL API.\n\n#### Usage\n\n#### Install\n\n```bash\n$ npm install qure-mysql --save\n```\n\n#### Example\n\n## LICENSE\n\n(MIT License)\n\nSee the LICENSE file for details',
17 silly publish   readmeFilename: 'README.md',
17 silly publish   gitHead: 'f36e38300657f647cadd3218146713581c7417e1',
17 silly publish   _id: 'qure-mysql@1.0.1',
17 silly publish   _shasum: 'b4ca986d8cd3d9827b8d079bc4ac1d162ac4000c',
17 silly publish   _from: '.' }
18 verbose getPublishConfig undefined
19 silly mapToRegistry name qure-mysql
20 silly mapToRegistry using default registry
21 silly mapToRegistry registry https://registry.npmjs.org/
22 silly mapToRegistry uri https://registry.npmjs.org/qure-mysql
23 verbose publish registryBase https://registry.npmjs.org/
24 silly publish uploading /Users/hbi/.npm/qure-mysql/1.0.1/package.tgz
25 verbose request uri https://registry.npmjs.org/qure-mysql
26 verbose request sending authorization for write operation
27 info attempt registry request try #1 at 13:08:06
28 verbose request using bearer token for auth
29 verbose request id 921c07c0f9706df4
30 http request PUT https://registry.npmjs.org/qure-mysql
31 http 403 https://registry.npmjs.org/qure-mysql
32 verbose headers { 'content-type': 'application/json',
32 verbose headers   'cache-control': 'max-age=60',
32 verbose headers   'content-length': '95',
32 verbose headers   'accept-ranges': 'bytes',
32 verbose headers   date: 'Sun, 22 Nov 2015 12:08:07 GMT',
32 verbose headers   via: '1.1 varnish',
32 verbose headers   connection: 'keep-alive',
32 verbose headers   'x-served-by': 'cache-ams4139-AMS',
32 verbose headers   'x-cache': 'MISS',
32 verbose headers   'x-cache-hits': '0',
32 verbose headers   'x-timer': 'S1448194086.329308,VS0,VE1059' }
33 verbose request invalidating /Users/hbi/.npm/registry.npmjs.org/qure-mysql on PUT
34 error publish Failed PUT 403
35 verbose stack Error: "You cannot publish over the previously published version 1.0.1." : qure-mysql
35 verbose stack     at CachingRegistryClient.<anonymous> (/usr/local/lib/node_modules/npm/node_modules/npm-registry-client/lib/request.js:247:14)
35 verbose stack     at Request._callback (/usr/local/lib/node_modules/npm/node_modules/npm-registry-client/lib/request.js:170:14)
35 verbose stack     at Request.self.callback (/usr/local/lib/node_modules/npm/node_modules/request/request.js:368:22)
35 verbose stack     at Request.emit (events.js:110:17)
35 verbose stack     at Request.<anonymous> (/usr/local/lib/node_modules/npm/node_modules/request/request.js:1219:14)
35 verbose stack     at Request.emit (events.js:129:20)
35 verbose stack     at IncomingMessage.<anonymous> (/usr/local/lib/node_modules/npm/node_modules/request/request.js:1167:12)
35 verbose stack     at IncomingMessage.emit (events.js:129:20)
35 verbose stack     at _stream_readable.js:908:16
35 verbose stack     at process._tickCallback (node.js:355:11)
36 verbose statusCode 403
37 verbose pkgid qure-mysql
38 verbose cwd /Users/hbi/Documents/proj/github/qure-mysql
39 error Darwin 14.5.0
40 error argv "node" "/usr/local/bin/npm" "publish"
41 error node v0.12.4
42 error npm  v2.10.1
43 error code E403
44 error "You cannot publish over the previously published version 1.0.1." : qure-mysql
45 error If you need help, you may report this error at:
45 error     <https://github.com/npm/npm/issues>
46 verbose exit [ 1, true ]
